2026-07-02 12:32:20.682|method=GET uri=/app/login status=200 tookMs=138 remote=0:0:0:0:0:0:0:1
2026-07-02 12:32:36.244|method=POST uri=/app/login status=302 tookMs=237 remote=0:0:0:0:0:0:0:1
2026-07-02 12:32:36.281|method=GET uri=/app/dashboard status=200 tookMs=32 remote=0:0:0:0:0:0:0:1
2026-07-02 12:32:39.128|method=GET uri=/app/notifications status=500 tookMs=83 remote=0:0:0:0:0:0:0:1
2026-07-02 13:45:45.694|method=GET uri=/app/notifications status=302 tookMs=24 remote=0:0:0:0:0:0:0:1
2026-07-02 13:45:45.846|method=GET uri=/app/login status=200 tookMs=140 remote=0:0:0:0:0:0:0:1
2026-07-02 13:46:12.917|method=POST uri=/app/login status=302 tookMs=235 remote=0:0:0:0:0:0:0:1
2026-07-02 13:46:12.965|method=GET uri=/app/dashboard status=200 tookMs=41 remote=0:0:0:0:0:0:0:1
2026-07-02 13:46:16.187|method=GET uri=/app/notifications status=200 tookMs=29 remote=0:0:0:0:0:0:0:1
2026-07-02 13:46:18.220|method=GET uri=/app/password-resets status=200 tookMs=9 remote=0:0:0:0:0:0:0:1
2026-07-02 13:46:20.646|method=GET uri=/app/admin/announcements status=200 tookMs=15 remote=0:0:0:0:0:0:0:1
2026-07-02 13:46:25.974|method=POST uri=/app/logout status=302 tookMs=1 remote=0:0:0:0:0:0:0:1
2026-07-02 13:46:25.987|method=GET uri=/app/login status=200 tookMs=8 remote=0:0:0:0:0:0:0:1
2026-07-02 13:46:43.176|method=POST uri=/app/login status=302 tookMs=122 remote=0:0:0:0:0:0:0:1
2026-07-02 13:46:43.189|method=GET uri=/app/dashboard status=200 tookMs=8 remote=0:0:0:0:0:0:0:1
2026-07-02 13:46:47.126|method=GET uri=/app/consultations status=200 tookMs=16 remote=0:0:0:0:0:0:0:1
2026-07-02 13:46:48.625|method=GET uri=/app/password-resets status=200 tookMs=8 remote=0:0:0:0:0:0:0:1
2026-07-02 13:46:50.104|method=GET uri=/app/notifications status=200 tookMs=27 remote=0:0:0:0:0:0:0:1
2026-07-02 13:46:51.823|method=GET uri=/app/dashboard status=200 tookMs=8 remote=0:0:0:0:0:0:0:1
2026-07-02 13:46:53.509|method=GET uri=/app/pets status=200 tookMs=80 remote=0:0:0:0:0:0:0:1
2026-07-02 13:47:00.001|method=GET uri=/app/pets/101 status=200 tookMs=43 remote=0:0:0:0:0:0:0:1
2026-07-02 13:47:14.770|method=GET uri=/app/dashboard status=200 tookMs=12 remote=0:0:0:0:0:0:0:1
2026-07-02 13:47:16.048|method=GET uri=/app/pets status=200 tookMs=22 remote=0:0:0:0:0:0:0:1
2026-07-02 13:47:17.985|method=GET uri=/app/pets/2 status=200 tookMs=9 remote=0:0:0:0:0:0:0:1
2026-07-02 13:47:23.141|method=GET uri=/app/pets/3 status=200 tookMs=24 remote=0:0:0:0:0:0:0:1
2026-07-02 13:49:30.250|method=GET uri=/app/login status=200 tookMs=166 remote=0:0:0:0:0:0:0:1
2026-07-02 13:49:36.010|method=GET uri=/app/login status=200 tookMs=5 remote=0:0:0:0:0:0:0:1
2026-07-02 13:49:36.025|method=POST uri=/app/login status=302 tookMs=5 remote=0:0:0:0:0:0:0:1
2026-07-02 13:49:43.971|method=GET uri=/app/login status=200 tookMs=9 remote=0:0:0:0:0:0:0:1
2026-07-02 13:49:44.207|method=POST uri=/app/login status=302 tookMs=213 remote=0:0:0:0:0:0:0:1
2026-07-02 13:50:13.743|method=GET uri=/app/login status=200 tookMs=7 remote=0:0:0:0:0:0:0:1
2026-07-02 13:50:13.863|method=POST uri=/app/login status=302 tookMs=98 remote=0:0:0:0:0:0:0:1
2026-07-02 13:50:22.136|method=GET uri=/app/dashboard status=200 tookMs=40 remote=0:0:0:0:0:0:0:1
2026-07-02 13:51:45.284|method=GET uri=/app/admin/announcements status=200 tookMs=255 remote=0:0:0:0:0:0:0:1
2026-07-02 13:51:51.888|method=GET uri=/app/line/link-code status=200 tookMs=20 remote=0:0:0:0:0:0:0:1
2026-07-02 13:51:53.789|method=GET uri=/app/calendar status=403 tookMs=25 remote=0:0:0:0:0:0:0:1
2026-07-02 13:51:55.970|method=GET uri=/app/consultations status=200 tookMs=13 remote=0:0:0:0:0:0:0:1
2026-07-02 13:52:03.180|method=GET uri=/app/dashboard status=200 tookMs=9 remote=0:0:0:0:0:0:0:1
2026-07-02 13:52:04.593|method=GET uri=/app/pets status=200 tookMs=46 remote=0:0:0:0:0:0:0:1
2026-07-02 13:52:09.398|method=GET uri=/app/notifications status=200 tookMs=21 remote=0:0:0:0:0:0:0:1
2026-07-02 13:52:13.083|method=GET uri=/app/dashboard status=200 tookMs=5 remote=0:0:0:0:0:0:0:1
2026-07-02 13:52:14.355|method=GET uri=/app/pets status=200 tookMs=19 remote=0:0:0:0:0:0:0:1
2026-07-02 13:52:16.321|method=GET uri=/app/pets/1 status=200 tookMs=23 remote=0:0:0:0:0:0:0:1
2026-07-02 13:52:28.871|method=GET uri=/app/admin/appointment-slots status=200 tookMs=45 remote=0:0:0:0:0:0:0:1
2026-07-02 13:52:34.893|method=GET uri=/app/admin/database status=200 tookMs=8 remote=0:0:0:0:0:0:0:1
2026-07-02 13:52:42.710|method=POST uri=/app/logout status=302 tookMs=17 remote=0:0:0:0:0:0:0:1
2026-07-02 13:52:42.739|method=GET uri=/app/login status=200 tookMs=24 remote=0:0:0:0:0:0:0:1
